# JRE version: OpenJDK Runtime Environment Temurin-21.0.9+10 (21.0.9+10) (build 21.0.9+10-LTS)
# Java VM: OpenJDK 64-Bit Server VM Temurin-21.0.9+10 (21.0.9+10-LTS, mixed mode, sharing, tiered, compressed oops, compressed class ptrs, parallel gc, windows-amd64)
GC Precious Log:
 CardTable entry size: 512
 CPUs: 4 total, 4 available
 Memory: 8072M
 Large Page Support: Disabled
 NUMA Support: Disabled
 Compressed Oops: Enabled (32-bit)
 Alignments: Space 512K, Generation 512K, Heap 2M
 Heap Min Capacity: 100M
 Heap Initial Capacity: 100M
 Heap Max Capacity: 2G
 Pre-touch: Disabled
 Parallel Workers: 4
Heap:
 PSYoungGen      total 8192K, used 2852K [0x00000000d5580000, 0x00000000d6180000, 0x0000000100000000)
  eden space 7680K, 34% used [0x00000000d5580000,0x00000000d5819180,0x00000000d5d00000)
  from space 512K, 37% used [0x00000000d6100000,0x00000000d6130000,0x00000000d6180000)
  to   space 512K, 0% used [0x00000000d6080000,0x00000000d6080000,0x00000000d6100000)
 ParOldGen       total 803840K, used 803404K [0x0000000080000000, 0x00000000b1100000, 0x00000000d5580000)
  object space 803840K, 99% used [0x0000000080000000,0x00000000b10930f8,0x00000000b1100000)
 Metaspace       used 85638K, committed 87296K, reserved 1179648K
  class space    used 8380K, committed 9216K, reserved 1048576K
GC Heap History (20 events):
Event: 174028.688 GC heap before
{Heap before GC invocations=5736 (full 15):
 PSYoungGen      total 12800K, used 12464K [0x00000000d5580000, 0x00000000d6900000, 0x0000000100000000)
  eden space 7168K, 100% used [0x00000000d5580000,0x00000000d5c80000,0x00000000d5c80000)
  from space 5632K, 94% used [0x00000000d6380000,0x00000000d68ac000,0x00000000d6900000)
  to   space 6144K, 0% used [0x00000000d5d00000,0x00000000d5d00000,0x00000000d6300000)
 ParOldGen       total 786944K, used 786453K [0x0000000080000000, 0x00000000b0080000, 0x00000000d5580000)
  object space 786944K, 99% used [0x0000000080000000,0x00000000b0005408,0x00000000b0080000)
 Metaspace       used 85582K, committed 87232K, reserved 1179648K
  class space    used 8379K, committed 9216K, reserved 1048576K
}
Event: 174028.716 GC heap after
{Heap after GC invocations=5736 (full 15):
 PSYoungGen      total 13824K, used 4352K [0x00000000d5580000, 0x00000000d6800000, 0x0000000100000000)
  eden space 7680K, 0% used [0x00000000d5580000,0x00000000d5580000,0x00000000d5d00000)
  from space 6144K, 70% used [0x00000000d5d00000,0x00000000d6140000,0x00000000d6300000)
  to   space 5120K, 0% used [0x00000000d6300000,0x00000000d6300000,0x00000000d6800000)
 ParOldGen       total 792064K, used 791595K [0x0000000080000000, 0x00000000b0580000, 0x00000000d5580000)
  object space 792064K, 99% used [0x0000000080000000,0x00000000b050aea0,0x00000000b0580000)
 Metaspace       used 85582K, committed 87232K, reserved 1179648K
  class space    used 8379K, committed 9216K, reserved 1048576K
}
Event: 174029.263 GC heap before
{Heap before GC invocations=5737 (full 15):
 PSYoungGen      total 13824K, used 12032K [0x00000000d5580000, 0x00000000d6800000, 0x0000000100000000)
  eden space 7680K, 100% used [0x00000000d5580000,0x00000000d5d00000,0x00000000d5d00000)
  from space 6144K, 70% used [0x00000000d5d00000,0x00000000d6140000,0x00000000d6300000)
  to   space 5120K, 0% used [0x00000000d6300000,0x00000000d6300000,0x00000000d6800000)
 ParOldGen       total 792064K, used 791595K [0x0000000080000000, 0x00000000b0580000, 0x00000000d5580000)
  object space 792064K, 99% used [0x0000000080000000,0x00000000b050aea0,0x00000000b0580000)
 Metaspace       used 85582K, committed 87232K, reserved 1179648K
  class space    used 8379K, committed 9216K, reserved 1048576K
}
Event: 174029.277 GC heap after
{Heap after GC invocations=5737 (full 15):
 PSYoungGen      total 9728K, used 1814K [0x00000000d5580000, 0x00000000d6500000, 0x0000000100000000)
  eden space 7680K, 0% used [0x00000000d5580000,0x00000000d5580000,0x00000000d5d00000)
  from space 2048K, 88% used [0x00000000d6300000,0x00000000d64c5910,0x00000000d6500000)
  to   space 3072K, 0% used [0x00000000d5f00000,0x00000000d5f00000,0x00000000d6200000)
 ParOldGen       total 796160K, used 795835K [0x0000000080000000, 0x00000000b0980000, 0x00000000d5580000)
  object space 796160K, 99% used [0x0000000080000000,0x00000000b092eea0,0x00000000b0980000)
 Metaspace       used 85582K, committed 87232K, reserved 1179648K
  class space    used 8379K, committed 9216K, reserved 1048576K
}
Event: 174029.306 GC heap before
{Heap before GC invocations=5738 (full 15):
 PSYoungGen      total 9728K, used 9494K [0x00000000d5580000, 0x00000000d6500000, 0x0000000100000000)
  eden space 7680K, 100% used [0x00000000d5580000,0x00000000d5d00000,0x00000000d5d00000)
  from space 2048K, 88% used [0x00000000d6300000,0x00000000d64c5910,0x00000000d6500000)
  to   space 3072K, 0% used [0x00000000d5f00000,0x00000000d5f00000,0x00000000d6200000)
 ParOldGen       total 796160K, used 795835K [0x0000000080000000, 0x00000000b0980000, 0x00000000d5580000)
  object space 796160K, 99% used [0x0000000080000000,0x00000000b092eea0,0x00000000b0980000)
 Metaspace       used 85582K, committed 87232K, reserved 1179648K
  class space    used 8379K, committed 9216K, reserved 1048576K
}
Event: 174029.314 GC heap after
{Heap after GC invocations=5738 (full 15):
 PSYoungGen      total 10752K, used 576K [0x00000000d5580000, 0x00000000d6380000, 0x0000000100000000)
  eden space 7680K, 0% used [0x00000000d5580000,0x00000000d5580000,0x00000000d5d00000)
  from space 3072K, 18% used [0x00000000d5f00000,0x00000000d5f90040,0x00000000d6200000)
  to   space 1536K, 0% used [0x00000000d6200000,0x00000000d6200000,0x00000000d6380000)
 ParOldGen       total 797696K, used 797591K [0x0000000080000000, 0x00000000b0b00000, 0x00000000d5580000)
  object space 797696K, 99% used [0x0000000080000000,0x00000000b0ae5fb8,0x00000000b0b00000)
 Metaspace       used 85582K, committed 87232K, reserved 1179648K
  class space    used 8379K, committed 9216K, reserved 1048576K
}
Event: 174029.358 GC heap before
{Heap before GC invocations=5739 (full 15):
 PSYoungGen      total 10752K, used 8256K [0x00000000d5580000, 0x00000000d6380000, 0x0000000100000000)
  eden space 7680K, 100% used [0x00000000d5580000,0x00000000d5d00000,0x00000000d5d00000)
  from space 3072K, 18% used [0x00000000d5f00000,0x00000000d5f90040,0x00000000d6200000)
  to   space 1536K, 0% used [0x00000000d6200000,0x00000000d6200000,0x00000000d6380000)
 ParOldGen       total 797696K, used 797591K [0x0000000080000000, 0x00000000b0b00000, 0x00000000d5580000)
  object space 797696K, 99% used [0x0000000080000000,0x00000000b0ae5fb8,0x00000000b0b00000)
 Metaspace       used 85582K, committed 87232K, reserved 1179648K
  class space    used 8379K, committed 9216K, reserved 1048576K
}
Event: 174029.366 GC heap after
{Heap after GC invocations=5739 (full 15):
 PSYoungGen      total 8704K, used 848K [0x00000000d5580000, 0x00000000d6300000, 0x0000000100000000)
  eden space 7680K, 0% used [0x00000000d5580000,0x00000000d5580000,0x00000000d5d00000)
  from space 1024K, 82% used [0x00000000d6200000,0x00000000d62d4010,0x00000000d6300000)
  to   space 1024K, 0% used [0x00000000d6100000,0x00000000d6100000,0x00000000d6200000)
 ParOldGen       total 798208K, used 798139K [0x0000000080000000, 0x00000000b0b80000, 0x00000000d5580000)
  object space 798208K, 99% used [0x0000000080000000,0x00000000b0b6ec00,0x00000000b0b80000)
 Metaspace       used 85582K, committed 87232K, reserved 1179648K
  class space    used 8379K, committed 9216K, reserved 1048576K
}
Event: 174029.557 GC heap before
{Heap before GC invocations=5740 (full 15):
 PSYoungGen      total 8704K, used 8528K [0x00000000d5580000, 0x00000000d6300000, 0x0000000100000000)
  eden space 7680K, 100% used [0x00000000d5580000,0x00000000d5d00000,0x00000000d5d00000)
  from space 1024K, 82% used [0x00000000d6200000,0x00000000d62d4010,0x00000000d6300000)
  to   space 1024K, 0% used [0x00000000d6100000,0x00000000d6100000,0x00000000d6200000)
 ParOldGen       total 798208K, used 798139K [0x0000000080000000, 0x00000000b0b80000, 0x00000000d5580000)
  object space 798208K, 99% used [0x0000000080000000,0x00000000b0b6ec00,0x00000000b0b80000)
 Metaspace       used 85585K, committed 87232K, reserved 1179648K
  class space    used 8379K, committed 9216K, reserved 1048576K
}
Event: 174029.621 GC heap after
{Heap after GC invocations=5740 (full 15):
 PSYoungGen      total 8704K, used 997K [0x00000000d5580000, 0x00000000d6280000, 0x0000000100000000)
  eden space 7680K, 0% used [0x00000000d5580000,0x00000000d5580000,0x00000000d5d00000)
  from space 1024K, 97% used [0x00000000d6100000,0x00000000d61f9538,0x00000000d6200000)
  to   space 512K, 0% used [0x00000000d6200000,0x00000000d6200000,0x00000000d6280000)
 ParOldGen       total 799232K, used 799020K [0x0000000080000000, 0x00000000b0c80000, 0x00000000d5580000)
  object space 799232K, 99% used [0x0000000080000000,0x00000000b0c4b3d0,0x00000000b0c80000)
 Metaspace       used 85585K, committed 87232K, reserved 1179648K
  class space    used 8379K, committed 9216K, reserved 1048576K
}
Event: 174029.873 GC heap before
{Heap before GC invocations=5741 (full 15):
 PSYoungGen      total 8704K, used 8677K [0x00000000d5580000, 0x00000000d6280000, 0x0000000100000000)
  eden space 7680K, 100% used [0x00000000d5580000,0x00000000d5d00000,0x00000000d5d00000)
  from space 1024K, 97% used [0x00000000d6100000,0x00000000d61f9538,0x00000000d6200000)
  to   space 512K, 0% used [0x00000000d6200000,0x00000000d6200000,0x00000000d6280000)
 ParOldGen       total 799232K, used 799020K [0x0000000080000000, 0x00000000b0c80000, 0x00000000d5580000)
  object space 799232K, 99% used [0x0000000080000000,0x00000000b0c4b3d0,0x00000000b0c80000)
 Metaspace       used 85587K, committed 87232K, reserved 1179648K
  class space    used 8380K, committed 9216K, reserved 1048576K
}
Event: 174029.884 GC heap after
{Heap after GC invocations=5741 (full 15):
 PSYoungGen      total 8192K, used 512K [0x00000000d5580000, 0x00000000d6280000, 0x0000000100000000)
  eden space 7680K, 0% used [0x00000000d5580000,0x00000000d5580000,0x00000000d5d00000)
  from space 512K, 100% used [0x00000000d6200000,0x00000000d6280000,0x00000000d6280000)
  to   space 2560K, 0% used [0x00000000d5d80000,0x00000000d5d80000,0x00000000d6000000)
 ParOldGen       total 801280K, used 800840K [0x0000000080000000, 0x00000000b0e80000, 0x00000000d5580000)
  object space 801280K, 99% used [0x0000000080000000,0x00000000b0e12028,0x00000000b0e80000)
 Metaspace       used 85587K, committed 87232K, reserved 1179648K
  class space    used 8380K, committed 9216K, reserved 1048576K
}
Event: 174029.938 GC heap before
{Heap before GC invocations=5742 (full 15):
 PSYoungGen      total 8192K, used 8192K [0x00000000d5580000, 0x00000000d6280000, 0x0000000100000000)
  eden space 7680K, 100% used [0x00000000d5580000,0x00000000d5d00000,0x00000000d5d00000)
  from space 512K, 100% used [0x00000000d6200000,0x00000000d6280000,0x00000000d6280000)
  to   space 2560K, 0% used [0x00000000d5d80000,0x00000000d5d80000,0x00000000d6000000)
 ParOldGen       total 801280K, used 800840K [0x0000000080000000, 0x00000000b0e80000, 0x00000000d5580000)
  object space 801280K, 99% used [0x0000000080000000,0x00000000b0e12028,0x00000000b0e80000)
 Metaspace       used 85587K, committed 87232K, reserved 1179648K
  class space    used 8380K, committed 9216K, reserved 1048576K
}
Event: 174029.950 GC heap after
{Heap after GC invocations=5742 (full 15):
 PSYoungGen      total 10240K, used 608K [0x00000000d5580000, 0x00000000d6280000, 0x0000000100000000)
  eden space 7680K, 0% used [0x00000000d5580000,0x00000000d5580000,0x00000000d5d00000)
  from space 2560K, 23% used [0x00000000d5d80000,0x00000000d5e18040,0x00000000d6000000)
  to   space 1536K, 0% used [0x00000000d6100000,0x00000000d6100000,0x00000000d6280000)
 ParOldGen       total 801792K, used 801352K [0x0000000080000000, 0x00000000b0f00000, 0x00000000d5580000)
  object space 801792K, 99% used [0x0000000080000000,0x00000000b0e92058,0x00000000b0f00000)
 Metaspace       used 85587K, committed 87232K, reserved 1179648K
  class space    used 8380K, committed 9216K, reserved 1048576K
}
Event: 174029.982 GC heap before
{Heap before GC invocations=5743 (full 15):
 PSYoungGen      total 10240K, used 8288K [0x00000000d5580000, 0x00000000d6280000, 0x0000000100000000)
  eden space 7680K, 100% used [0x00000000d5580000,0x00000000d5d00000,0x00000000d5d00000)
  from space 2560K, 23% used [0x00000000d5d80000,0x00000000d5e18040,0x00000000d6000000)
  to   space 1536K, 0% used [0x00000000d6100000,0x00000000d6100000,0x00000000d6280000)
 ParOldGen       total 801792K, used 801352K [0x0000000080000000, 0x00000000b0f00000, 0x00000000d5580000)
  object space 801792K, 99% used [0x0000000080000000,0x00000000b0e92058,0x00000000b0f00000)
 Metaspace       used 85587K, committed 87232K, reserved 1179648K
  class space    used 8380K, committed 9216K, reserved 1048576K
}
Event: 174029.990 GC heap after
{Heap after GC invocations=5743 (full 15):
 PSYoungGen      total 8704K, used 800K [0x00000000d5580000, 0x00000000d6200000, 0x0000000100000000)
  eden space 7680K, 0% used [0x00000000d5580000,0x00000000d5580000,0x00000000d5d00000)
  from space 1024K, 78% used [0x00000000d6100000,0x00000000d61c8020,0x00000000d6200000)
  to   space 1024K, 0% used [0x00000000d6000000,0x00000000d6000000,0x00000000d6100000)
 ParOldGen       total 802304K, used 801915K [0x0000000080000000, 0x00000000b0f80000, 0x00000000d5580000)
  object space 802304K, 99% used [0x0000000080000000,0x00000000b0f1eca0,0x00000000b0f80000)
 Metaspace       used 85587K, committed 87232K, reserved 1179648K
  class space    used 8380K, committed 9216K, reserved 1048576K
}
Event: 174252.400 GC heap before
{Heap before GC invocations=5744 (full 15):
 PSYoungGen      total 8704K, used 8477K [0x00000000d5580000, 0x00000000d6200000, 0x0000000100000000)
  eden space 7680K, 99% used [0x00000000d5580000,0x00000000d5cff780,0x00000000d5d00000)
  from space 1024K, 78% used [0x00000000d6100000,0x00000000d61c8020,0x00000000d6200000)
  to   space 1024K, 0% used [0x00000000d6000000,0x00000000d6000000,0x00000000d6100000)
 ParOldGen       total 802304K, used 801915K [0x0000000080000000, 0x00000000b0f80000, 0x00000000d5580000)
  object space 802304K, 99% used [0x0000000080000000,0x00000000b0f1eca0,0x00000000b0f80000)
 Metaspace       used 85587K, committed 87232K, reserved 1179648K
  class space    used 8380K, committed 9216K, reserved 1048576K
}
Event: 174252.868 GC heap after
{Heap after GC invocations=5744 (full 15):
 PSYoungGen      total 8704K, used 863K [0x00000000d5580000, 0x00000000d6180000, 0x0000000100000000)
  eden space 7680K, 0% used [0x00000000d5580000,0x00000000d5580000,0x00000000d5d00000)
  from space 1024K, 84% used [0x00000000d6000000,0x00000000d60d7c38,0x00000000d6100000)
  to   space 512K, 0% used [0x00000000d6100000,0x00000000d6100000,0x00000000d6180000)
 ParOldGen       total 802816K, used 802629K [0x0000000080000000, 0x00000000b1000000, 0x00000000d5580000)
  object space 802816K, 99% used [0x0000000080000000,0x00000000b0fd1470,0x00000000b1000000)
 Metaspace       used 85587K, committed 87232K, reserved 1179648K
  class space    used 8380K, committed 9216K, reserved 1048576K
}
Event: 192969.420 GC heap before
{Heap before GC invocations=5745 (full 15):
 PSYoungGen      total 8704K, used 8543K [0x00000000d5580000, 0x00000000d6180000, 0x0000000100000000)
  eden space 7680K, 99% used [0x00000000d5580000,0x00000000d5cfffe8,0x00000000d5d00000)
  from space 1024K, 84% used [0x00000000d6000000,0x00000000d60d7c38,0x00000000d6100000)
  to   space 512K, 0% used [0x00000000d6100000,0x00000000d6100000,0x00000000d6180000)
 ParOldGen       total 802816K, used 802629K [0x0000000080000000, 0x00000000b1000000, 0x00000000d5580000)
  object space 802816K, 99% used [0x0000000080000000,0x00000000b0fd1470,0x00000000b1000000)
 Metaspace       used 85610K, committed 87232K, reserved 1179648K
  class space    used 8380K, committed 9216K, reserved 1048576K
}
Event: 192970.689 GC heap after
{Heap after GC invocations=5745 (full 15):
 PSYoungGen      total 8192K, used 192K [0x00000000d5580000, 0x00000000d6180000, 0x0000000100000000)
  eden space 7680K, 0% used [0x00000000d5580000,0x00000000d5580000,0x00000000d5d00000)
  from space 512K, 37% used [0x00000000d6100000,0x00000000d6130000,0x00000000d6180000)
  to   space 512K, 0% used [0x00000000d6080000,0x00000000d6080000,0x00000000d6100000)
 ParOldGen       total 803840K, used 803404K [0x0000000080000000, 0x00000000b1100000, 0x00000000d5580000)
  object space 803840K, 99% used [0x0000000080000000,0x00000000b10930f8,0x00000000b1100000)
 Metaspace       used 85610K, committed 87232K, reserved 1179648K
  class space    used 8380K, committed 9216K, reserved 1048576K
}

